<?xml version="1.0" encoding="UTF-8"?>
<!-- Generated by org.testng.reporters.JUnitReportReporter -->
<testsuite hostname="cgala-ltm3.internal.salesforce.com" name="com.yieldstreet.qa.testcases.InventoryTest" tests="1" failures="0" timestamp="28 Feb 2020 07:36:46 GMT" time="10.644" errors="0">
  <testcase name="addBlackTShirt" time="10.644" classname="com.yieldstreet.qa.testcases.InventoryTest"/>
</testsuite> <!-- com.yieldstreet.qa.testcases.InventoryTest -->
