<?xml version="1.0" encoding="UTF-8"?>
<!-- Generated by org.testng.reporters.JUnitReportReporter -->
<testsuite hostname="cgala-ltm3.internal.salesforce.com" name="com.yieldstreet.qa.testcases.LoginPageTest" tests="1" failures="0" timestamp="28 Feb 2020 07:33:14 GMT" time="3.387" errors="0">
  <testcase name="loginTest" time="3.387" classname="com.yieldstreet.qa.testcases.LoginPageTest"/>
</testsuite> <!-- com.yieldstreet.qa.testcases.LoginPageTest -->
